2022-07-01 21:24:20,088 INFO com.epam.esm.dao.impl.GiftCertificateDaoImplTest [Test worker] Starting GiftCertificateDaoImplTest using Java 17.0.1 on G1 with PID 6892 (started by Александр in C:\Users\Александр\IdeaProjects\OnlineStore\Core)
2022-07-01 21:24:20,306 DEBUG com.epam.esm.dao.impl.GiftCertificateDaoImplTest [Test worker] Running with Spring Boot v2.6.7, Spring v5.3.19
2022-07-01 21:24:20,365 INFO com.epam.esm.dao.impl.GiftCertificateDaoImplTest [Test worker] The following 1 profile is active: "development"
2022-07-01 21:24:39,454 INFO com.epam.esm.dao.impl.GiftCertificateDaoImplTest [Test worker] Started GiftCertificateDaoImplTest in 21.597 seconds (JVM running for 30.972)
2022-07-01 21:31:56,752 INFO com.epam.esm.dao.impl.GiftCertificateDaoImplTest [Test worker] Starting GiftCertificateDaoImplTest using Java 17.0.1 on G1 with PID 7548 (started by Александр in C:\Users\Александр\IdeaProjects\OnlineStore\Core)
2022-07-01 21:31:56,810 DEBUG com.epam.esm.dao.impl.GiftCertificateDaoImplTest [Test worker] Running with Spring Boot v2.6.7, Spring v5.3.19
2022-07-01 21:31:56,813 INFO com.epam.esm.dao.impl.GiftCertificateDaoImplTest [Test worker] The following 1 profile is active: "development"
2022-07-01 21:32:26,326 INFO com.epam.esm.dao.impl.GiftCertificateDaoImplTest [Test worker] Started GiftCertificateDaoImplTest in 31.413 seconds (JVM running for 41.68)
2022-07-01 22:40:27,274 INFO com.epam.esm.dao.impl.GiftCertificateDaoImplTest [Test worker] Starting GiftCertificateDaoImplTest using Java 11 on G1 with PID 10312 (started by Александр in C:\Users\Александр\IdeaProjects\OnlineStore\Core)
2022-07-01 22:40:27,288 DEBUG com.epam.esm.dao.impl.GiftCertificateDaoImplTest [Test worker] Running with Spring Boot v2.6.7, Spring v5.3.19
2022-07-01 22:40:27,290 INFO com.epam.esm.dao.impl.GiftCertificateDaoImplTest [Test worker] The following 1 profile is active: "development"
2022-07-01 22:40:42,680 INFO com.epam.esm.dao.impl.GiftCertificateDaoImplTest [Test worker] Started GiftCertificateDaoImplTest in 16.685 seconds (JVM running for 23.603)
2022-07-01 22:52:26,076 INFO com.epam.esm.dao.impl.GiftCertificateDaoImplTest [Test worker] Starting GiftCertificateDaoImplTest using Java 17.0.1 on G1 with PID 2908 (started by G1$ in C:\Users\Александр\IdeaProjects\OnlineStore\Core)
2022-07-01 22:52:26,161 DEBUG com.epam.esm.dao.impl.GiftCertificateDaoImplTest [Test worker] Running with Spring Boot v2.6.7, Spring v5.3.19
2022-07-01 22:52:26,163 INFO com.epam.esm.dao.impl.GiftCertificateDaoImplTest [Test worker] The following 1 profile is active: "development"
2022-07-01 22:52:43,086 INFO com.epam.esm.dao.impl.GiftCertificateDaoImplTest [Test worker] Started GiftCertificateDaoImplTest in 18.318 seconds (JVM running for 27.223)
2022-07-01 23:05:36,283 INFO com.epam.esm.dao.impl.GiftCertificateDaoImplTest [Test worker] Starting GiftCertificateDaoImplTest using Java 17.0.1 on G1 with PID 10448 (started by G1$ in C:\Users\Александр\IdeaProjects\OnlineStore\Core)
2022-07-01 23:05:36,299 DEBUG com.epam.esm.dao.impl.GiftCertificateDaoImplTest [Test worker] Running with Spring Boot v2.6.7, Spring v5.3.19
2022-07-01 23:05:36,302 INFO com.epam.esm.dao.impl.GiftCertificateDaoImplTest [Test worker] The following 1 profile is active: "development"
2022-07-01 23:05:53,717 INFO com.epam.esm.dao.impl.GiftCertificateDaoImplTest [Test worker] Started GiftCertificateDaoImplTest in 18.8 seconds (JVM running for 25.05)
2022-07-01 23:16:23,445 INFO com.epam.esm.dao.impl.GiftCertificateDaoImplTest [Test worker] Starting GiftCertificateDaoImplTest using Java 17.0.1 on G1 with PID 752 (started by G1$ in C:\Users\Александр\IdeaProjects\OnlineStore\Core)
2022-07-01 23:16:23,455 DEBUG com.epam.esm.dao.impl.GiftCertificateDaoImplTest [Test worker] Running with Spring Boot v2.6.7, Spring v5.3.19
2022-07-01 23:16:23,456 INFO com.epam.esm.dao.impl.GiftCertificateDaoImplTest [Test worker] The following 1 profile is active: "development"
2022-07-01 23:16:43,413 INFO com.epam.esm.dao.impl.GiftCertificateDaoImplTest [Test worker] Started GiftCertificateDaoImplTest in 22.395 seconds (JVM running for 30.658)
2022-07-01 23:26:23,731 INFO com.epam.esm.dao.impl.GiftCertificateDaoImplTest [Test worker] Starting GiftCertificateDaoImplTest using Java 17.0.1 on G1 with PID 6220 (started by G1$ in C:\Users\Александр\IdeaProjects\OnlineStore\Core)
2022-07-01 23:26:23,742 DEBUG com.epam.esm.dao.impl.GiftCertificateDaoImplTest [Test worker] Running with Spring Boot v2.6.7, Spring v5.3.19
2022-07-01 23:26:23,746 INFO com.epam.esm.dao.impl.GiftCertificateDaoImplTest [Test worker] The following 1 profile is active: "development"
2022-07-01 23:26:41,071 INFO com.epam.esm.dao.impl.GiftCertificateDaoImplTest [Test worker] Started GiftCertificateDaoImplTest in 18.682 seconds (JVM running for 26.126)
2022-07-01 23:40:45,250 INFO com.epam.esm.dao.impl.GiftCertificateDaoImplTest [Test worker] Starting GiftCertificateDaoImplTest using Java 17.0.1 on G1 with PID 10164 (started by G1$ in C:\Users\Александр\IdeaProjects\OnlineStore\Core)
2022-07-01 23:40:45,263 DEBUG com.epam.esm.dao.impl.GiftCertificateDaoImplTest [Test worker] Running with Spring Boot v2.6.7, Spring v5.3.19
2022-07-01 23:40:45,264 INFO com.epam.esm.dao.impl.GiftCertificateDaoImplTest [Test worker] The following 1 profile is active: "development"
2022-07-01 23:41:03,386 INFO com.epam.esm.dao.impl.GiftCertificateDaoImplTest [Test worker] Started GiftCertificateDaoImplTest in 19.914 seconds (JVM running for 29.329)
2022-07-01 23:51:38,491 INFO com.epam.esm.dao.impl.GiftCertificateDaoImplTest [Test worker] Starting GiftCertificateDaoImplTest using Java 17.0.1 on G1 with PID 6508 (started by G1$ in C:\Users\Александр\IdeaProjects\OnlineStore\Core)
2022-07-01 23:51:38,501 DEBUG com.epam.esm.dao.impl.GiftCertificateDaoImplTest [Test worker] Running with Spring Boot v2.6.7, Spring v5.3.19
2022-07-01 23:51:38,502 INFO com.epam.esm.dao.impl.GiftCertificateDaoImplTest [Test worker] The following 1 profile is active: "development"
2022-07-01 23:51:55,361 INFO com.epam.esm.dao.impl.GiftCertificateDaoImplTest [Test worker] Started GiftCertificateDaoImplTest in 18.176 seconds (JVM running for 24.466)
