2022-06-30 20:05:03,348 INFO com.epam.esm.dao.impl.GiftCertificateDaoImplTest [Test worker] Starting GiftCertificateDaoImplTest using Java 11 on G1 with PID 2148 (started by Александр in C:\Users\Александр\IdeaProjects\OnlineStore\Core)
2022-06-30 20:05:06,003 DEBUG com.epam.esm.dao.impl.GiftCertificateDaoImplTest [Test worker] Running with Spring Boot v2.6.7, Spring v5.3.19
2022-06-30 20:05:06,076 INFO com.epam.esm.dao.impl.GiftCertificateDaoImplTest [Test worker] The following 1 profile is active: "development"
2022-06-30 20:06:00,287 INFO com.epam.esm.dao.impl.GiftCertificateDaoImplTest [Test worker] Started GiftCertificateDaoImplTest in 59.877 seconds (JVM running for 88.4)
2022-06-30 21:15:48,415 INFO com.epam.esm.dao.impl.GiftCertificateDaoImplTest [Test worker] Starting GiftCertificateDaoImplTest using Java 17.0.1 on G1 with PID 7920 (started by Александр in C:\Users\Александр\IdeaProjects\OnlineStore\Core)
2022-06-30 21:15:48,430 DEBUG com.epam.esm.dao.impl.GiftCertificateDaoImplTest [Test worker] Running with Spring Boot v2.6.7, Spring v5.3.19
2022-06-30 21:15:48,430 INFO com.epam.esm.dao.impl.GiftCertificateDaoImplTest [Test worker] The following 1 profile is active: "development"
2022-06-30 21:16:08,638 INFO com.epam.esm.dao.impl.GiftCertificateDaoImplTest [Test worker] Started GiftCertificateDaoImplTest in 21.785 seconds (JVM running for 30.462)
2022-06-30 21:36:45,848 INFO com.epam.esm.dao.impl.GiftCertificateDaoImplTest [Test worker] Starting GiftCertificateDaoImplTest using Java 17.0.1 on G1 with PID 10292 (started by Александр in C:\Users\Александр\IdeaProjects\OnlineStore\Core)
2022-06-30 21:36:45,862 DEBUG com.epam.esm.dao.impl.GiftCertificateDaoImplTest [Test worker] Running with Spring Boot v2.6.7, Spring v5.3.19
2022-06-30 21:36:45,873 INFO com.epam.esm.dao.impl.GiftCertificateDaoImplTest [Test worker] The following 1 profile is active: "development"
2022-06-30 21:37:20,016 INFO com.epam.esm.dao.impl.GiftCertificateDaoImplTest [Test worker] Started GiftCertificateDaoImplTest in 37.203 seconds (JVM running for 55.662)
2022-06-30 21:42:04,935 INFO com.epam.esm.dao.impl.GiftCertificateDaoImplTest [Test worker] Starting GiftCertificateDaoImplTest using Java 17.0.1 on G1 with PID 10136 (started by Александр in C:\Users\Александр\IdeaProjects\OnlineStore\Core)
2022-06-30 21:42:04,969 DEBUG com.epam.esm.dao.impl.GiftCertificateDaoImplTest [Test worker] Running with Spring Boot v2.6.7, Spring v5.3.19
2022-06-30 21:42:04,973 INFO com.epam.esm.dao.impl.GiftCertificateDaoImplTest [Test worker] The following 1 profile is active: "development"
2022-06-30 21:42:33,636 INFO com.epam.esm.dao.impl.GiftCertificateDaoImplTest [Test worker] Started GiftCertificateDaoImplTest in 30.658 seconds (JVM running for 40.688)
2022-06-30 21:45:37,148 INFO com.epam.esm.dao.impl.GiftCertificateDaoImplTest [Test worker] Starting GiftCertificateDaoImplTest using Java 17.0.1 on G1 with PID 10592 (started by Александр in C:\Users\Александр\IdeaProjects\OnlineStore\Core)
2022-06-30 21:45:37,178 DEBUG com.epam.esm.dao.impl.GiftCertificateDaoImplTest [Test worker] Running with Spring Boot v2.6.7, Spring v5.3.19
2022-06-30 21:45:37,179 INFO com.epam.esm.dao.impl.GiftCertificateDaoImplTest [Test worker] The following 1 profile is active: "development"
2022-06-30 21:46:06,697 INFO com.epam.esm.dao.impl.GiftCertificateDaoImplTest [Test worker] Started GiftCertificateDaoImplTest in 31.019 seconds (JVM running for 46.587)
2022-06-30 21:52:37,983 INFO com.epam.esm.dao.impl.GiftCertificateDaoImplTest [Test worker] Starting GiftCertificateDaoImplTest using Java 17.0.1 on G1 with PID 6348 (started by Александр in C:\Users\Александр\IdeaProjects\OnlineStore\Core)
2022-06-30 21:52:37,995 DEBUG com.epam.esm.dao.impl.GiftCertificateDaoImplTest [Test worker] Running with Spring Boot v2.6.7, Spring v5.3.19
2022-06-30 21:52:37,997 INFO com.epam.esm.dao.impl.GiftCertificateDaoImplTest [Test worker] The following 1 profile is active: "development"
2022-06-30 21:53:04,075 INFO com.epam.esm.dao.impl.GiftCertificateDaoImplTest [Test worker] Started GiftCertificateDaoImplTest in 27.715 seconds (JVM running for 38.996)
2022-06-30 22:30:45,482 INFO com.epam.esm.dao.impl.GiftCertificateDaoImplTest [Test worker] Starting GiftCertificateDaoImplTest using Java 17.0.1 on G1 with PID 156 (started by Александр in C:\Users\Александр\IdeaProjects\OnlineStore\Core)
2022-06-30 22:30:45,515 DEBUG com.epam.esm.dao.impl.GiftCertificateDaoImplTest [Test worker] Running with Spring Boot v2.6.7, Spring v5.3.19
2022-06-30 22:30:45,519 INFO com.epam.esm.dao.impl.GiftCertificateDaoImplTest [Test worker] The following 1 profile is active: "development"
2022-06-30 22:31:03,411 INFO com.epam.esm.dao.impl.GiftCertificateDaoImplTest [Test worker] Started GiftCertificateDaoImplTest in 19.339 seconds (JVM running for 26.523)
2022-06-30 22:36:51,185 INFO com.epam.esm.dao.impl.GiftCertificateDaoImplTest [Test worker] Starting GiftCertificateDaoImplTest using Java 17.0.1 on G1 with PID 10508 (started by Александр in C:\Users\Александр\IdeaProjects\OnlineStore\Core)
2022-06-30 22:36:51,276 DEBUG com.epam.esm.dao.impl.GiftCertificateDaoImplTest [Test worker] Running with Spring Boot v2.6.7, Spring v5.3.19
2022-06-30 22:36:51,278 INFO com.epam.esm.dao.impl.GiftCertificateDaoImplTest [Test worker] The following 1 profile is active: "development"
2022-06-30 22:37:13,040 INFO com.epam.esm.dao.impl.GiftCertificateDaoImplTest [Test worker] Started GiftCertificateDaoImplTest in 23.768 seconds (JVM running for 31.845)
2022-06-30 22:38:37,248 INFO com.epam.esm.dao.impl.GiftCertificateDaoImplTest [Test worker] Starting GiftCertificateDaoImplTest using Java 17.0.1 on G1 with PID 7664 (started by Александр in C:\Users\Александр\IdeaProjects\OnlineStore\Core)
2022-06-30 22:38:37,259 DEBUG com.epam.esm.dao.impl.GiftCertificateDaoImplTest [Test worker] Running with Spring Boot v2.6.7, Spring v5.3.19
2022-06-30 22:38:37,261 INFO com.epam.esm.dao.impl.GiftCertificateDaoImplTest [Test worker] The following 1 profile is active: "development"
2022-06-30 22:39:08,674 INFO com.epam.esm.dao.impl.GiftCertificateDaoImplTest [Test worker] Started GiftCertificateDaoImplTest in 33.086 seconds (JVM running for 41.056)
2022-06-30 22:58:15,358 INFO com.epam.esm.dao.impl.GiftCertificateDaoImplTest [Test worker] Starting GiftCertificateDaoImplTest using Java 17.0.1 on G1 with PID 9696 (started by Александр in C:\Users\Александр\IdeaProjects\OnlineStore\Core)
2022-06-30 22:58:15,369 DEBUG com.epam.esm.dao.impl.GiftCertificateDaoImplTest [Test worker] Running with Spring Boot v2.6.7, Spring v5.3.19
2022-06-30 22:58:15,370 INFO com.epam.esm.dao.impl.GiftCertificateDaoImplTest [Test worker] The following 1 profile is active: "development"
2022-06-30 22:58:34,744 INFO com.epam.esm.dao.impl.GiftCertificateDaoImplTest [Test worker] Started GiftCertificateDaoImplTest in 20.978 seconds (JVM running for 32.024)
