2022-06-28 18:40:53,233 INFO com.epam.esm.dao.impl.GiftCertificateDaoImplTest [Test worker] Starting GiftCertificateDaoImplTest using Java 11 on G1 with PID 10176 (started by Александр in C:\Users\Александр\IdeaProjects\OnlineStore\Core)
2022-06-28 18:40:53,249 DEBUG com.epam.esm.dao.impl.GiftCertificateDaoImplTest [Test worker] Running with Spring Boot v2.6.7, Spring v5.3.19
2022-06-28 18:40:53,251 INFO com.epam.esm.dao.impl.GiftCertificateDaoImplTest [Test worker] The following 1 profile is active: "development"
2022-06-28 18:41:04,807 INFO com.epam.esm.dao.impl.GiftCertificateDaoImplTest [Test worker] Started GiftCertificateDaoImplTest in 12.323 seconds (JVM running for 15.907)
2022-06-28 23:07:42,816 INFO com.epam.esm.dao.impl.OrderDaoImplTest [Test worker] Starting OrderDaoImplTest using Java 11 on G1 with PID 6432 (started by Александр in C:\Users\Александр\IdeaProjects\OnlineStore\Core)
2022-06-28 23:07:42,824 DEBUG com.epam.esm.dao.impl.OrderDaoImplTest [Test worker] Running with Spring Boot v2.6.7, Spring v5.3.19
2022-06-28 23:07:42,830 INFO com.epam.esm.dao.impl.OrderDaoImplTest [Test worker] The following 1 profile is active: "development"
2022-06-28 23:07:55,127 INFO com.epam.esm.dao.impl.OrderDaoImplTest [Test worker] Started OrderDaoImplTest in 13.113 seconds (JVM running for 16.582)
2022-06-28 23:11:26,116 INFO com.epam.esm.dao.impl.GiftCertificateDaoImplTest [Test worker] Starting GiftCertificateDaoImplTest using Java 11 on G1 with PID 9788 (started by Александр in C:\Users\Александр\IdeaProjects\OnlineStore\Core)
2022-06-28 23:11:26,122 DEBUG com.epam.esm.dao.impl.GiftCertificateDaoImplTest [Test worker] Running with Spring Boot v2.6.7, Spring v5.3.19
2022-06-28 23:11:26,123 INFO com.epam.esm.dao.impl.GiftCertificateDaoImplTest [Test worker] The following 1 profile is active: "development"
2022-06-28 23:11:36,849 INFO com.epam.esm.dao.impl.GiftCertificateDaoImplTest [Test worker] Started GiftCertificateDaoImplTest in 11.514 seconds (JVM running for 14.644)
2022-06-28 23:11:39,803 ERROR com.epam.esm.service.impl.GiftCertificateServiceImpl [Test worker] Certificate not found by ID. ID: 1
2022-06-28 23:11:39,878 ERROR com.epam.esm.service.impl.GiftCertificateServiceImpl [Test worker] Certificate not found by ID. ID: 1
2022-06-28 23:11:40,130 ERROR com.epam.esm.service.impl.OrderServiceImpl [Test worker] Order not found by ID. ID: 11111
2022-06-28 23:11:40,378 ERROR com.epam.esm.service.impl.TagServiceImpl [Test worker] Tag not found by ID. ID: 11111
2022-06-28 23:53:33,025 INFO com.epam.esm.dao.impl.GiftCertificateDaoImplTest [Test worker] Starting GiftCertificateDaoImplTest using Java 11 on G1 with PID 6856 (started by Александр in C:\Users\Александр\IdeaProjects\OnlineStore\Core)
2022-06-28 23:53:33,032 DEBUG com.epam.esm.dao.impl.GiftCertificateDaoImplTest [Test worker] Running with Spring Boot v2.6.7, Spring v5.3.19
2022-06-28 23:53:33,035 INFO com.epam.esm.dao.impl.GiftCertificateDaoImplTest [Test worker] The following 1 profile is active: "development"
2022-06-28 23:53:46,209 INFO com.epam.esm.dao.impl.GiftCertificateDaoImplTest [Test worker] Started GiftCertificateDaoImplTest in 14.06 seconds (JVM running for 17.932)
